<?xml version="1.0" encoding="UTF-8"?>
<testng-results skipped="0" failed="0" total="2" passed="2">
  <reporter-output>
  </reporter-output>
  <suite name="Default suite" duration-ms="9164" started-at="2016-07-24T15:17:01Z" finished-at="2016-07-24T15:17:10Z">
    <groups>
    </groups>
    <test name="Default test" duration-ms="9164" started-at="2016-07-24T15:17:01Z" finished-at="2016-07-24T15:17:10Z">
      <class name="Tests.AddingNewTest">
        <test-method status="PASS" signature="setups()[pri:0, instance:Tests.AddingNewTest@402a079c]" name="setups" is-config="true" duration-ms="8947" started-at="2016-07-24T20:47:01Z" finished-at="2016-07-24T20:47:10Z">
          <reporter-output>
          </reporter-output>
        </test-method> <!-- setups -->
        <test-method status="PASS" signature="clickingfb()[pri:0, instance:Tests.AddingNewTest@402a079c]" name="clickingfb" duration-ms="193" started-at="2016-07-24T20:47:10Z" finished-at="2016-07-24T20:47:10Z">
          <reporter-output>
          </reporter-output>
        </test-method> <!-- clickingfb -->
        <test-method status="PASS" signature="test()[pri:0, instance:Tests.AddingNewTest@402a079c]" name="test" duration-ms="1" started-at="2016-07-24T20:47:10Z" finished-at="2016-07-24T20:47:10Z">
          <reporter-output>
          </reporter-output>
        </test-method> <!-- test -->
      </class> <!-- Tests.AddingNewTest -->
    </test> <!-- Default test -->
  </suite> <!-- Default suite -->
</testng-results>
